SF:lib/src/token_bucket.dart
DA:25,1
DA:31,2
DA:32,2
DA:33,2
DA:34,3
DA:35,1
DA:46,1
DA:47,2
DA:50,2
DA:51,1
DA:54,4
DA:55,2
DA:57,6
DA:59,1
DA:61,4
DA:70,1
DA:76,2
DA:78,1
DA:80,3
DA:83,1
DA:84,2
DA:86,2
DA:87,4
DA:92,1
DA:94,2
DA:95,4
DA:98,4
DA:101,1
DA:103,3
DA:104,3
DA:106,2
DA:107,2
DA:108,1
DA:109,2
DA:114,1
DA:115,4
DA:116,3
DA:117,2
DA:128,1
DA:134,2
DA:136,1
DA:138,1
DA:141,1
DA:142,2
DA:144,2
DA:145,4
DA:150,1
DA:152,2
DA:153,2
DA:154,1
DA:157,1
DA:159,3
DA:160,3
DA:162,2
DA:163,1
DA:164,2
LF:56
LH:56
end_of_record
SF:lib/src/token_bucket_state.dart
DA:10,3
DA:13,2
DA:14,2
DA:15,2
DA:16,2
DA:20,1
DA:21,5
DA:23,1
DA:24,1
DA:25,1
DA:27,2
DA:30,2
DA:31,1
DA:32,2
DA:35,3
DA:38,2
DA:39,6
DA:40,6
DA:41,6
DA:43,1
DA:44,5
LF:21
LH:21
end_of_record
SF:lib/src/token_bucket_storage.dart
DA:7,2
DA:16,2
DA:27,2
DA:31,2
DA:32,2
DA:34,2
DA:35,2
DA:40,3
DA:44,1
DA:46,1
DA:47,3
DA:49,1
DA:50,3
LF:13
LH:13
end_of_record
