SF:lib/src/token_bucket_state.dart
DA:5,1
DA:7,1
DA:8,1
DA:9,1
DA:10,1
DA:14,1
DA:15,5
DA:17,1
DA:18,1
DA:19,1
DA:21,2
DA:24,2
DA:25,1
DA:26,2
DA:29,1
DA:32,1
DA:33,3
DA:34,3
DA:35,3
DA:37,1
DA:38,5
LF:21
LH:21
end_of_record
SF:lib/src/token_bucket.dart
DA:14,1
DA:19,2
DA:20,2
DA:21,2
DA:27,1
DA:28,2
DA:31,2
DA:32,1
DA:35,4
DA:36,2
DA:38,6
DA:40,1
DA:42,4
DA:50,1
DA:55,2
DA:57,1
DA:59,2
DA:60,5
DA:63,6
DA:66,1
DA:68,3
DA:69,3
DA:71,2
DA:72,3
DA:73,1
DA:74,2
DA:79,1
DA:80,4
DA:81,3
DA:82,2
DA:89,1
DA:94,2
DA:96,1
DA:98,5
DA:99,3
DA:102,1
DA:104,3
DA:105,3
DA:107,3
DA:108,1
DA:109,2
LF:41
LH:41
end_of_record
SF:lib/src/token_bucket_storage.dart
DA:7,1
DA:17,1
DA:22,1
DA:23,1
DA:25,1
DA:26,1
DA:30,1
LF:7
LH:7
end_of_record
